<?xml version="1.0" encoding="UTF-8"?>
<beans xmlns="http://www.springframework.org/schema/beans"
	xmlns:xsi="http://www.w3.org/2001/XMLSchema-instance"
	xsi:schemaLocation="http://www.springframework.org/schema/beans https://www.springframework.org/schema/beans/spring-beans.xsd">

	<!-- test-context.xml -->
	<!-- WorldController world = new WorldController() -->
	<!-- 이때 id값은 참조변수명 / id값이 같으면 값이 덮어 씌어짐 -->
	<bean id="world" class="com.controller.WorldController" />
</beans>
